0 verbose cli C:\Program Files\nodejs\node.exe C:\Users\Saroj Behera\AppData\Roaming\npm\node_modules\npm\bin\npm-cli.js
1 info using npm@9.6.7
2 info using node@v16.16.0
3 timing npm:load:whichnode Completed in 2ms
4 timing config:load:defaults Completed in 3ms
5 timing config:load:file:C:\Users\Saroj Behera\AppData\Roaming\npm\node_modules\npm\npmrc Completed in 6ms
6 timing config:load:builtin Completed in 6ms
7 timing config:load:cli Completed in 2ms
8 timing config:load:env Completed in 1ms
9 timing config:load:file:C:\Users\Saroj Behera\Desktop\firebase\.npmrc Completed in 0ms
10 timing config:load:project Completed in 1ms
11 timing config:load:file:C:\Users\Saroj Behera\.npmrc Completed in 0ms
12 timing config:load:user Completed in 1ms
13 timing config:load:file:C:\Users\Saroj Behera\AppData\Roaming\npm\etc\npmrc Completed in 0ms
14 timing config:load:global Completed in 0ms
15 timing config:load:setEnvs Completed in 1ms
16 timing config:load Completed in 17ms
17 timing npm:load:configload Completed in 17ms
18 timing npm:load:mkdirpcache Completed in 1ms
19 timing npm:load:mkdirplogs Completed in 0ms
20 verbose title npm run start
21 verbose argv "run" "start" "--cache" "-reset"
22 timing npm:load:setTitle Completed in 1ms
23 timing config:load:flatten Completed in 6ms
24 timing npm:load:display Completed in 6ms
25 verbose logfile logs-max:10 dir:C:\Users\Saroj Behera\Desktop\firebase\-reset\_logs\2023-11-16T07_49_28_304Z-
26 verbose logfile C:\Users\Saroj Behera\Desktop\firebase\-reset\_logs\2023-11-16T07_49_28_304Z-debug-0.log
27 timing npm:load:logFile Completed in 19ms
28 timing npm:load:timers Completed in 0ms
29 timing npm:load:configScope Completed in 0ms
30 timing npm:load Completed in 49ms
31 silly logfile done cleaning log files
32 http fetch GET 200 https://registry.npmjs.org/npm 1125ms (cache miss)
33 timing command:run Completed in 961842ms
34 notice
34 notice New [31mmajor[39m version of npm available! [31m9.6.7[39m -> [32m10.2.4[39m
34 notice Changelog: [36mhttps://github.com/npm/cli/releases/tag/v10.2.4[39m
34 notice Run [32mnpm install -g npm@10.2.4[39m to update!
34 notice
35 verbose exit 3221225786
36 timing npm Completed in 961949ms
37 verbose code 3221225786
